<?xml version="1.0" encoding="UTF-8"?>
<testsuite xmlns:xsi="http://www.w3.org/2001/XMLSchema-instance" xsi:noNamespaceSchemaLocation="https://maven.apache.org/surefire/maven-surefire-plugin/xsd/surefire-test-report-3.0.xsd" version="3.0" name="com.gcu.Topic32ApplicationTests" time="2.475" tests="1" errors="0" skipped="0" failures="0">
  <properties>
    <property name="java.specification.version" value="22"/>
    <property name="sun.jnu.encoding" value="UTF-8"/>
    <property name="java.class.path" value="/Users/joeabraham/InteleJ-Workspace-CST-339/topic4-1-git/target/test-classes:/Users/joeabraham/InteleJ-Workspace-CST-339/topic4-1-git/target/classes:/Users/joeabraham/.m2/repository/org/springframework/boot/spring-boot-starter-thymeleaf/3.2.2/spring-boot-starter-thymeleaf-3.2.2.jar:/Users/joeabraham/.m2/repository/org/springframework/boot/spring-boot-starter/3.2.2/spring-boot-starter-3.2.2.jar:/Users/joeabraham/.m2/repository/org/springframework/boot/spring-boot-starter-logging/3.2.2/spring-boot-starter-logging-3.2.2.jar:/Users/joeabraham/.m2/repository/ch/qos/logback/logback-classic/1.4.14/logback-classic-1.4.14.jar:/Users/joeabraham/.m2/repository/ch/qos/logback/logback-core/1.4.14/logback-core-1.4.14.jar:/Users/joeabraham/.m2/repository/org/apache/logging/log4j/log4j-to-slf4j/2.21.1/log4j-to-slf4j-2.21.1.jar:/Users/joeabraham/.m2/repository/org/apache/logging/log4j/log4j-api/2.21.1/log4j-api-2.21.1.jar:/Users/joeabraham/.m2/repository/org/slf4j/jul-to-slf4j/2.0.11/jul-to-slf4j-2.0.11.jar:/Users/joeabraham/.m2/repository/jakarta/annotation/jakarta.annotation-api/2.1.1/jakarta.annotation-api-2.1.1.jar:/Users/joeabraham/.m2/repository/org/yaml/snakeyaml/2.2/snakeyaml-2.2.jar:/Users/joeabraham/.m2/repository/org/thymeleaf/thymeleaf-spring6/3.1.2.RELEASE/thymeleaf-spring6-3.1.2.RELEASE.jar:/Users/joeabraham/.m2/repository/com/fasterxml/jackson/dataformat/jackson-dataformat-xml/2.15.3/jackson-dataformat-xml-2.15.3.jar:/Users/joeabraham/.m2/repository/com/fasterxml/jackson/core/jackson-core/2.15.3/jackson-core-2.15.3.jar:/Users/joeabraham/.m2/repository/com/fasterxml/jackson/core/jackson-annotations/2.15.3/jackson-annotations-2.15.3.jar:/Users/joeabraham/.m2/repository/com/fasterxml/jackson/core/jackson-databind/2.15.3/jackson-databind-2.15.3.jar:/Users/joeabraham/.m2/repository/org/codehaus/woodstox/stax2-api/4.2.1/stax2-api-4.2.1.jar:/Users/joeabraham/.m2/repository/com/fasterxml/woodstox/woodstox-core/6.5.1/woodstox-core-6.5.1.jar:/Users/joeabraham/.m2/repository/jakarta/xml/bind/jakarta.xml.bind-api/4.0.1/jakarta.xml.bind-api-4.0.1.jar:/Users/joeabraham/.m2/repository/jakarta/activation/jakarta.activation-api/2.1.2/jakarta.activation-api-2.1.2.jar:/Users/joeabraham/.m2/repository/com/sun/xml/bind/jaxb-impl/2.3.3/jaxb-impl-2.3.3.jar:/Users/joeabraham/.m2/repository/com/sun/activation/jakarta.activation/1.2.2/jakarta.activation-1.2.2.jar:/Users/joeabraham/.m2/repository/org/springframework/boot/spring-boot-starter-web/3.2.2/spring-boot-starter-web-3.2.2.jar:/Users/joeabraham/.m2/repository/org/springframework/boot/spring-boot-starter-json/3.2.2/spring-boot-starter-json-3.2.2.jar:/Users/joeabraham/.m2/repository/com/fasterxml/jackson/datatype/jackson-datatype-jdk8/2.15.3/jackson-datatype-jdk8-2.15.3.jar:/Users/joeabraham/.m2/repository/com/fasterxml/jackson/datatype/jackson-datatype-jsr310/2.15.3/jackson-datatype-jsr310-2.15.3.jar:/Users/joeabraham/.m2/repository/com/fasterxml/jackson/module/jackson-module-parameter-names/2.15.3/jackson-module-parameter-names-2.15.3.jar:/Users/joeabraham/.m2/repository/org/springframework/boot/spring-boot-starter-tomcat/3.2.2/spring-boot-starter-tomcat-3.2.2.jar:/Users/joeabraham/.m2/repository/org/apache/tomcat/embed/tomcat-embed-core/10.1.18/tomcat-embed-core-10.1.18.jar:/Users/joeabraham/.m2/repository/org/apache/tomcat/embed/tomcat-embed-websocket/10.1.18/tomcat-embed-websocket-10.1.18.jar:/Users/joeabraham/.m2/repository/org/springframework/spring-web/6.1.3/spring-web-6.1.3.jar:/Users/joeabraham/.m2/repository/org/springframework/spring-beans/6.1.3/spring-beans-6.1.3.jar:/Users/joeabraham/.m2/repository/io/micrometer/micrometer-observation/1.12.2/micrometer-observation-1.12.2.jar:/Users/joeabraham/.m2/repository/io/micrometer/micrometer-commons/1.12.2/micrometer-commons-1.12.2.jar:/Users/joeabraham/.m2/repository/org/springframework/spring-webmvc/6.1.3/spring-webmvc-6.1.3.jar:/Users/joeabraham/.m2/repository/org/springframework/spring-context/6.1.3/spring-context-6.1.3.jar:/Users/joeabraham/.m2/repository/org/springframework/spring-expression/6.1.3/spring-expression-6.1.3.jar:/Users/joeabraham/.m2/repository/org/springframework/boot/spring-boot-starter-validation/3.2.2/spring-boot-starter-validation-3.2.2.jar:/Users/joeabraham/.m2/repository/org/apache/tomcat/embed/tomcat-embed-el/10.1.18/tomcat-embed-el-10.1.18.jar:/Users/joeabraham/.m2/repository/org/hibernate/validator/hibernate-validator/8.0.1.Final/hibernate-validator-8.0.1.Final.jar:/Users/joeabraham/.m2/repository/jakarta/validation/jakarta.validation-api/3.0.2/jakarta.validation-api-3.0.2.jar:/Users/joeabraham/.m2/repository/org/jboss/logging/jboss-logging/3.5.3.Final/jboss-logging-3.5.3.Final.jar:/Users/joeabraham/.m2/repository/com/fasterxml/classmate/1.6.0/classmate-1.6.0.jar:/Users/joeabraham/.m2/repository/org/springframework/boot/spring-boot-starter-aop/3.2.2/spring-boot-starter-aop-3.2.2.jar:/Users/joeabraham/.m2/repository/org/springframework/spring-aop/6.1.3/spring-aop-6.1.3.jar:/Users/joeabraham/.m2/repository/org/aspectj/aspectjweaver/1.9.21/aspectjweaver-1.9.21.jar:/Users/joeabraham/.m2/repository/org/springframework/boot/spring-boot-devtools/3.2.2/spring-boot-devtools-3.2.2.jar:/Users/joeabraham/.m2/repository/org/springframework/boot/spring-boot/3.2.2/spring-boot-3.2.2.jar:/Users/joeabraham/.m2/repository/org/springframework/boot/spring-boot-autoconfigure/3.2.2/spring-boot-autoconfigure-3.2.2.jar:/Users/joeabraham/.m2/repository/nz/net/ultraq/thymeleaf/thymeleaf-layout-dialect/3.3.0/thymeleaf-layout-dialect-3.3.0.jar:/Users/joeabraham/.m2/repository/org/apache/groovy/groovy/4.0.17/groovy-4.0.17.jar:/Users/joeabraham/.m2/repository/nz/net/ultraq/groovy/groovy-extensions/2.1.0/groovy-extensions-2.1.0.jar:/Users/joeabraham/.m2/repository/nz/net/ultraq/thymeleaf/thymeleaf-expression-processor/3.2.0/thymeleaf-expression-processor-3.2.0.jar:/Users/joeabraham/.m2/repository/org/thymeleaf/thymeleaf/3.1.2.RELEASE/thymeleaf-3.1.2.RELEASE.jar:/Users/joeabraham/.m2/repository/ognl/ognl/3.3.4/ognl-3.3.4.jar:/Users/joeabraham/.m2/repository/org/javassist/javassist/3.29.0-GA/javassist-3.29.0-GA.jar:/Users/joeabraham/.m2/repository/org/attoparser/attoparser/2.0.7.RELEASE/attoparser-2.0.7.RELEASE.jar:/Users/joeabraham/.m2/repository/org/unbescape/unbescape/1.1.6.RELEASE/unbescape-1.1.6.RELEASE.jar:/Users/joeabraham/.m2/repository/org/slf4j/slf4j-api/2.0.11/slf4j-api-2.0.11.jar:/Users/joeabraham/.m2/repository/org/springframework/boot/spring-boot-starter-test/3.2.2/spring-boot-starter-test-3.2.2.jar:/Users/joeabraham/.m2/repository/org/springframework/boot/spring-boot-test/3.2.2/spring-boot-test-3.2.2.jar:/Users/joeabraham/.m2/repository/org/springframework/boot/spring-boot-test-autoconfigure/3.2.2/spring-boot-test-autoconfigure-3.2.2.jar:/Users/joeabraham/.m2/repository/com/jayway/jsonpath/json-path/2.8.0/json-path-2.8.0.jar:/Users/joeabraham/.m2/repository/net/minidev/json-smart/2.5.0/json-smart-2.5.0.jar:/Users/joeabraham/.m2/repository/net/minidev/accessors-smart/2.5.0/accessors-smart-2.5.0.jar:/Users/joeabraham/.m2/repository/org/ow2/asm/asm/9.3/asm-9.3.jar:/Users/joeabraham/.m2/repository/org/assertj/assertj-core/3.24.2/assertj-core-3.24.2.jar:/Users/joeabraham/.m2/repository/net/bytebuddy/byte-buddy/1.14.11/byte-buddy-1.14.11.jar:/Users/joeabraham/.m2/repository/org/awaitility/awaitility/4.2.0/awaitility-4.2.0.jar:/Users/joeabraham/.m2/repository/org/hamcrest/hamcrest/2.2/hamcrest-2.2.jar:/Users/joeabraham/.m2/repository/org/junit/jupiter/junit-jupiter/5.10.1/junit-jupiter-5.10.1.jar:/Users/joeabraham/.m2/repository/org/junit/jupiter/junit-jupiter-api/5.10.1/junit-jupiter-api-5.10.1.jar:/Users/joeabraham/.m2/repository/org/opentest4j/opentest4j/1.3.0/opentest4j-1.3.0.jar:/Users/joeabraham/.m2/repository/org/junit/platform/junit-platform-commons/1.10.1/junit-platform-commons-1.10.1.jar:/Users/joeabraham/.m2/repository/org/apiguardian/apiguardian-api/1.1.2/apiguardian-api-1.1.2.jar:/Users/joeabraham/.m2/repository/org/junit/jupiter/junit-jupiter-params/5.10.1/junit-jupiter-params-5.10.1.jar:/Users/joeabraham/.m2/repository/org/junit/jupiter/junit-jupiter-engine/5.10.1/junit-jupiter-engine-5.10.1.jar:/Users/joeabraham/.m2/repository/org/junit/platform/junit-platform-engine/1.10.1/junit-platform-engine-1.10.1.jar:/Users/joeabraham/.m2/repository/org/mockito/mockito-core/5.7.0/mockito-core-5.7.0.jar:/Users/joeabraham/.m2/repository/net/bytebuddy/byte-buddy-agent/1.14.11/byte-buddy-agent-1.14.11.jar:/Users/joeabraham/.m2/repository/org/objenesis/objenesis/3.3/objenesis-3.3.jar:/Users/joeabraham/.m2/repository/org/mockito/mockito-junit-jupiter/5.7.0/mockito-junit-jupiter-5.7.0.jar:/Users/joeabraham/.m2/repository/org/skyscreamer/jsonassert/1.5.1/jsonassert-1.5.1.jar:/Users/joeabraham/.m2/repository/com/vaadin/external/google/android-json/0.0.20131108.vaadin1/android-json-0.0.20131108.vaadin1.jar:/Users/joeabraham/.m2/repository/org/springframework/spring-core/6.1.3/spring-core-6.1.3.jar:/Users/joeabraham/.m2/repository/org/springframework/spring-jcl/6.1.3/spring-jcl-6.1.3.jar:/Users/joeabraham/.m2/repository/org/springframework/spring-test/6.1.3/spring-test-6.1.3.jar:/Users/joeabraham/.m2/repository/org/xmlunit/xmlunit-core/2.9.1/xmlunit-core-2.9.1.jar:/Users/joeabraham/.m2/repository/org/springframework/boot/spring-boot-starter-data-jdbc/3.2.2/spring-boot-starter-data-jdbc-3.2.2.jar:/Users/joeabraham/.m2/repository/org/springframework/boot/spring-boot-starter-jdbc/3.2.2/spring-boot-starter-jdbc-3.2.2.jar:/Users/joeabraham/.m2/repository/com/zaxxer/HikariCP/5.0.1/HikariCP-5.0.1.jar:/Users/joeabraham/.m2/repository/org/springframework/spring-jdbc/6.1.3/spring-jdbc-6.1.3.jar:/Users/joeabraham/.m2/repository/org/springframework/data/spring-data-jdbc/3.2.2/spring-data-jdbc-3.2.2.jar:/Users/joeabraham/.m2/repository/org/springframework/data/spring-data-relational/3.2.2/spring-data-relational-3.2.2.jar:/Users/joeabraham/.m2/repository/com/github/jsqlparser/jsqlparser/4.6/jsqlparser-4.6.jar:/Users/joeabraham/.m2/repository/org/springframework/data/spring-data-commons/3.2.2/spring-data-commons-3.2.2.jar:/Users/joeabraham/.m2/repository/org/springframework/spring-tx/6.1.3/spring-tx-6.1.3.jar:/Users/joeabraham/.m2/repository/com/mysql/mysql-connector-j/8.3.0/mysql-connector-j-8.3.0.jar:/Users/joeabraham/.m2/repository/com/google/cloud/sql/mysql-socket-factory-connector-j-8/1.18.1/mysql-socket-factory-connector-j-8-1.18.1.jar:/Users/joeabraham/.m2/repository/com/google/cloud/sql/jdbc-socket-factory-core/1.18.1/jdbc-socket-factory-core-1.18.1.jar:/Users/joeabraham/.m2/repository/com/github/jnr/jnr-enxio/0.32.17/jnr-enxio-0.32.17.jar:/Users/joeabraham/.m2/repository/com/github/jnr/jnr-constants/0.10.4/jnr-constants-0.10.4.jar:/Users/joeabraham/.m2/repository/com/github/jnr/jnr-ffi/2.2.16/jnr-ffi-2.2.16.jar:/Users/joeabraham/.m2/repository/com/github/jnr/jffi/1.3.13/jffi-1.3.13.jar:/Users/joeabraham/.m2/repository/com/github/jnr/jffi/1.3.13/jffi-1.3.13-native.jar:/Users/joeabraham/.m2/repository/org/ow2/asm/asm-commons/9.2/asm-commons-9.2.jar:/Users/joeabraham/.m2/repository/org/ow2/asm/asm-analysis/9.2/asm-analysis-9.2.jar:/Users/joeabraham/.m2/repository/org/ow2/asm/asm-tree/9.2/asm-tree-9.2.jar:/Users/joeabraham/.m2/repository/org/ow2/asm/asm-util/9.2/asm-util-9.2.jar:/Users/joeabraham/.m2/repository/com/github/jnr/jnr-a64asm/1.0.0/jnr-a64asm-1.0.0.jar:/Users/joeabraham/.m2/repository/com/github/jnr/jnr-x86asm/1.0.2/jnr-x86asm-1.0.2.jar:/Users/joeabraham/.m2/repository/com/github/jnr/jnr-unixsocket/0.38.22/jnr-unixsocket-0.38.22.jar:/Users/joeabraham/.m2/repository/com/github/jnr/jnr-posix/3.1.19/jnr-posix-3.1.19.jar:/Users/joeabraham/.m2/repository/com/google/http-client/google-http-client/1.44.1/google-http-client-1.44.1.jar:/Users/joeabraham/.m2/repository/io/grpc/grpc-context/1.60.1/grpc-context-1.60.1.jar:/Users/joeabraham/.m2/repository/io/grpc/grpc-api/1.60.1/grpc-api-1.60.1.jar:/Users/joeabraham/.m2/repository/io/opencensus/opencensus-api/0.31.1/opencensus-api-0.31.1.jar:/Users/joeabraham/.m2/repository/io/opencensus/opencensus-contrib-http-util/0.31.1/opencensus-contrib-http-util-0.31.1.jar:/Users/joeabraham/.m2/repository/com/google/errorprone/error_prone_annotations/2.27.1/error_prone_annotations-2.27.1.jar:/Users/joeabraham/.m2/repository/com/google/http-client/google-http-client-gson/1.44.1/google-http-client-gson-1.44.1.jar:/Users/joeabraham/.m2/repository/com/google/code/gson/gson/2.10.1/gson-2.10.1.jar:/Users/joeabraham/.m2/repository/com/google/apis/google-api-services-sqladmin/v1beta4-rev20240324-2.0.0/google-api-services-sqladmin-v1beta4-rev20240324-2.0.0.jar:/Users/joeabraham/.m2/repository/com/google/auth/google-auth-library-credentials/1.23.0/google-auth-library-credentials-1.23.0.jar:/Users/joeabraham/.m2/repository/com/google/auth/google-auth-library-oauth2-http/1.23.0/google-auth-library-oauth2-http-1.23.0.jar:/Users/joeabraham/.m2/repository/com/google/auto/value/auto-value-annotations/1.10.4/auto-value-annotations-1.10.4.jar:/Users/joeabraham/.m2/repository/com/google/api/gax/2.48.0/gax-2.48.0.jar:/Users/joeabraham/.m2/repository/com/google/api-client/google-api-client/1.31.1/google-api-client-1.31.1.jar:/Users/joeabraham/.m2/repository/com/google/oauth-client/google-oauth-client/1.31.2/google-oauth-client-1.31.2.jar:/Users/joeabraham/.m2/repository/com/google/code/findbugs/jsr305/3.0.2/jsr305-3.0.2.jar:/Users/joeabraham/.m2/repository/com/google/http-client/google-http-client-jackson2/1.38.0/google-http-client-jackson2-1.38.0.jar:/Users/joeabraham/.m2/repository/com/google/guava/guava/29.0-android/guava-29.0-android.jar:/Users/joeabraham/.m2/repository/com/google/guava/failureaccess/1.0.1/failureaccess-1.0.1.jar:/Users/joeabraham/.m2/repository/com/google/guava/listenablefuture/9999.0-empty-to-avoid-conflict-with-guava/listenablefuture-9999.0-empty-to-avoid-conflict-with-guava.jar:/Users/joeabraham/.m2/repository/org/checkerframework/checker-compat-qual/2.5.5/checker-compat-qual-2.5.5.jar:/Users/joeabraham/.m2/repository/com/google/j2objc/j2objc-annotations/1.3/j2objc-annotations-1.3.jar:/Users/joeabraham/.m2/repository/com/google/http-client/google-http-client-apache-v2/1.38.0/google-http-client-apache-v2-1.38.0.jar:/Users/joeabraham/.m2/repository/org/apache/httpcomponents/httpclient/4.5.13/httpclient-4.5.13.jar:/Users/joeabraham/.m2/repository/commons-logging/commons-logging/1.2/commons-logging-1.2.jar:/Users/joeabraham/.m2/repository/commons-codec/commons-codec/1.16.0/commons-codec-1.16.0.jar:/Users/joeabraham/.m2/repository/org/apache/httpcomponents/httpcore/4.4.16/httpcore-4.4.16.jar:/Users/joeabraham/.m2/repository/com/google/api-client/google-api-client-appengine/1.21.0/google-api-client-appengine-1.21.0.jar:/Users/joeabraham/.m2/repository/com/google/oauth-client/google-oauth-client-appengine/1.21.0/google-oauth-client-appengine-1.21.0.jar:/Users/joeabraham/.m2/repository/com/google/oauth-client/google-oauth-client-servlet/1.21.0/google-oauth-client-servlet-1.21.0.jar:/Users/joeabraham/.m2/repository/com/google/http-client/google-http-client-jdo/1.21.0/google-http-client-jdo-1.21.0.jar:/Users/joeabraham/.m2/repository/javax/servlet/servlet-api/2.5/servlet-api-2.5.jar:/Users/joeabraham/.m2/repository/com/google/api-client/google-api-client-servlet/1.21.0/google-api-client-servlet-1.21.0.jar:/Users/joeabraham/.m2/repository/javax/jdo/jdo2-api/2.3-eb/jdo2-api-2.3-eb.jar:/Users/joeabraham/.m2/repository/javax/transaction/transaction-api/1.1/transaction-api-1.1.jar:/Users/joeabraham/.m2/repository/com/google/http-client/google-http-client-appengine/1.21.0/google-http-client-appengine-1.21.0.jar:"/>
    <property name="java.vm.vendor" value="Homebrew"/>
    <property name="sun.arch.data.model" value="64"/>
    <property name="java.vendor.url" value="https://github.com/Homebrew/homebrew-core/issues"/>
    <property name="user.timezone" value="America/Phoenix"/>
    <property name="org.jboss.logging.provider" value="slf4j"/>
    <property name="os.name" value="Mac OS X"/>
    <property name="java.vm.specification.version" value="22"/>
    <property name="sun.java.launcher" value="SUN_STANDARD"/>
    <property name="user.country" value="US"/>
    <property name="sun.boot.library.path" value="/opt/homebrew/Cellar/openjdk/22.0.2/libexec/openjdk.jdk/Contents/Home/lib"/>
    <property name="sun.java.command" value="/Users/joeabraham/InteleJ-Workspace-CST-339/topic4-1-git/target/surefire/surefirebooter-20241106192304889_3.jar /Users/joeabraham/InteleJ-Workspace-CST-339/topic4-1-git/target/surefire 2024-11-06T19-23-04_838-jvmRun1 surefire-20241106192304889_1tmp surefire_0-20241106192304889_2tmp"/>
    <property name="http.nonProxyHosts" value="local|*.local|169.254/16|*.169.254/16"/>
    <property name="jdk.debug" value="release"/>
    <property name="surefire.test.class.path" value="/Users/joeabraham/InteleJ-Workspace-CST-339/topic4-1-git/target/test-classes:/Users/joeabraham/InteleJ-Workspace-CST-339/topic4-1-git/target/classes:/Users/joeabraham/.m2/repository/org/springframework/boot/spring-boot-starter-thymeleaf/3.2.2/spring-boot-starter-thymeleaf-3.2.2.jar:/Users/joeabraham/.m2/repository/org/springframework/boot/spring-boot-starter/3.2.2/spring-boot-starter-3.2.2.jar:/Users/joeabraham/.m2/repository/org/springframework/boot/spring-boot-starter-logging/3.2.2/spring-boot-starter-logging-3.2.2.jar:/Users/joeabraham/.m2/repository/ch/qos/logback/logback-classic/1.4.14/logback-classic-1.4.14.jar:/Users/joeabraham/.m2/repository/ch/qos/logback/logback-core/1.4.14/logback-core-1.4.14.jar:/Users/joeabraham/.m2/repository/org/apache/logging/log4j/log4j-to-slf4j/2.21.1/log4j-to-slf4j-2.21.1.jar:/Users/joeabraham/.m2/repository/org/apache/logging/log4j/log4j-api/2.21.1/log4j-api-2.21.1.jar:/Users/joeabraham/.m2/repository/org/slf4j/jul-to-slf4j/2.0.11/jul-to-slf4j-2.0.11.jar:/Users/joeabraham/.m2/repository/jakarta/annotation/jakarta.annotation-api/2.1.1/jakarta.annotation-api-2.1.1.jar:/Users/joeabraham/.m2/repository/org/yaml/snakeyaml/2.2/snakeyaml-2.2.jar:/Users/joeabraham/.m2/repository/org/thymeleaf/thymeleaf-spring6/3.1.2.RELEASE/thymeleaf-spring6-3.1.2.RELEASE.jar:/Users/joeabraham/.m2/repository/com/fasterxml/jackson/dataformat/jackson-dataformat-xml/2.15.3/jackson-dataformat-xml-2.15.3.jar:/Users/joeabraham/.m2/repository/com/fasterxml/jackson/core/jackson-core/2.15.3/jackson-core-2.15.3.jar:/Users/joeabraham/.m2/repository/com/fasterxml/jackson/core/jackson-annotations/2.15.3/jackson-annotations-2.15.3.jar:/Users/joeabraham/.m2/repository/com/fasterxml/jackson/core/jackson-databind/2.15.3/jackson-databind-2.15.3.jar:/Users/joeabraham/.m2/repository/org/codehaus/woodstox/stax2-api/4.2.1/stax2-api-4.2.1.jar:/Users/joeabraham/.m2/repository/com/fasterxml/woodstox/woodstox-core/6.5.1/woodstox-core-6.5.1.jar:/Users/joeabraham/.m2/repository/jakarta/xml/bind/jakarta.xml.bind-api/4.0.1/jakarta.xml.bind-api-4.0.1.jar:/Users/joeabraham/.m2/repository/jakarta/activation/jakarta.activation-api/2.1.2/jakarta.activation-api-2.1.2.jar:/Users/joeabraham/.m2/repository/com/sun/xml/bind/jaxb-impl/2.3.3/jaxb-impl-2.3.3.jar:/Users/joeabraham/.m2/repository/com/sun/activation/jakarta.activation/1.2.2/jakarta.activation-1.2.2.jar:/Users/joeabraham/.m2/repository/org/springframework/boot/spring-boot-starter-web/3.2.2/spring-boot-starter-web-3.2.2.jar:/Users/joeabraham/.m2/repository/org/springframework/boot/spring-boot-starter-json/3.2.2/spring-boot-starter-json-3.2.2.jar:/Users/joeabraham/.m2/repository/com/fasterxml/jackson/datatype/jackson-datatype-jdk8/2.15.3/jackson-datatype-jdk8-2.15.3.jar:/Users/joeabraham/.m2/repository/com/fasterxml/jackson/datatype/jackson-datatype-jsr310/2.15.3/jackson-datatype-jsr310-2.15.3.jar:/Users/joeabraham/.m2/repository/com/fasterxml/jackson/module/jackson-module-parameter-names/2.15.3/jackson-module-parameter-names-2.15.3.jar:/Users/joeabraham/.m2/repository/org/springframework/boot/spring-boot-starter-tomcat/3.2.2/spring-boot-starter-tomcat-3.2.2.jar:/Users/joeabraham/.m2/repository/org/apache/tomcat/embed/tomcat-embed-core/10.1.18/tomcat-embed-core-10.1.18.jar:/Users/joeabraham/.m2/repository/org/apache/tomcat/embed/tomcat-embed-websocket/10.1.18/tomcat-embed-websocket-10.1.18.jar:/Users/joeabraham/.m2/repository/org/springframework/spring-web/6.1.3/spring-web-6.1.3.jar:/Users/joeabraham/.m2/repository/org/springframework/spring-beans/6.1.3/spring-beans-6.1.3.jar:/Users/joeabraham/.m2/repository/io/micrometer/micrometer-observation/1.12.2/micrometer-observation-1.12.2.jar:/Users/joeabraham/.m2/repository/io/micrometer/micrometer-commons/1.12.2/micrometer-commons-1.12.2.jar:/Users/joeabraham/.m2/repository/org/springframework/spring-webmvc/6.1.3/spring-webmvc-6.1.3.jar:/Users/joeabraham/.m2/repository/org/springframework/spring-context/6.1.3/spring-context-6.1.3.jar:/Users/joeabraham/.m2/repository/org/springframework/spring-expression/6.1.3/spring-expression-6.1.3.jar:/Users/joeabraham/.m2/repository/org/springframework/boot/spring-boot-starter-validation/3.2.2/spring-boot-starter-validation-3.2.2.jar:/Users/joeabraham/.m2/repository/org/apache/tomcat/embed/tomcat-embed-el/10.1.18/tomcat-embed-el-10.1.18.jar:/Users/joeabraham/.m2/repository/org/hibernate/validator/hibernate-validator/8.0.1.Final/hibernate-validator-8.0.1.Final.jar:/Users/joeabraham/.m2/repository/jakarta/validation/jakarta.validation-api/3.0.2/jakarta.validation-api-3.0.2.jar:/Users/joeabraham/.m2/repository/org/jboss/logging/jboss-logging/3.5.3.Final/jboss-logging-3.5.3.Final.jar:/Users/joeabraham/.m2/repository/com/fasterxml/classmate/1.6.0/classmate-1.6.0.jar:/Users/joeabraham/.m2/repository/org/springframework/boot/spring-boot-starter-aop/3.2.2/spring-boot-starter-aop-3.2.2.jar:/Users/joeabraham/.m2/repository/org/springframework/spring-aop/6.1.3/spring-aop-6.1.3.jar:/Users/joeabraham/.m2/repository/org/aspectj/aspectjweaver/1.9.21/aspectjweaver-1.9.21.jar:/Users/joeabraham/.m2/repository/org/springframework/boot/spring-boot-devtools/3.2.2/spring-boot-devtools-3.2.2.jar:/Users/joeabraham/.m2/repository/org/springframework/boot/spring-boot/3.2.2/spring-boot-3.2.2.jar:/Users/joeabraham/.m2/repository/org/springframework/boot/spring-boot-autoconfigure/3.2.2/spring-boot-autoconfigure-3.2.2.jar:/Users/joeabraham/.m2/repository/nz/net/ultraq/thymeleaf/thymeleaf-layout-dialect/3.3.0/thymeleaf-layout-dialect-3.3.0.jar:/Users/joeabraham/.m2/repository/org/apache/groovy/groovy/4.0.17/groovy-4.0.17.jar:/Users/joeabraham/.m2/repository/nz/net/ultraq/groovy/groovy-extensions/2.1.0/groovy-extensions-2.1.0.jar:/Users/joeabraham/.m2/repository/nz/net/ultraq/thymeleaf/thymeleaf-expression-processor/3.2.0/thymeleaf-expression-processor-3.2.0.jar:/Users/joeabraham/.m2/repository/org/thymeleaf/thymeleaf/3.1.2.RELEASE/thymeleaf-3.1.2.RELEASE.jar:/Users/joeabraham/.m2/repository/ognl/ognl/3.3.4/ognl-3.3.4.jar:/Users/joeabraham/.m2/repository/org/javassist/javassist/3.29.0-GA/javassist-3.29.0-GA.jar:/Users/joeabraham/.m2/repository/org/attoparser/attoparser/2.0.7.RELEASE/attoparser-2.0.7.RELEASE.jar:/Users/joeabraham/.m2/repository/org/unbescape/unbescape/1.1.6.RELEASE/unbescape-1.1.6.RELEASE.jar:/Users/joeabraham/.m2/repository/org/slf4j/slf4j-api/2.0.11/slf4j-api-2.0.11.jar:/Users/joeabraham/.m2/repository/org/springframework/boot/spring-boot-starter-test/3.2.2/spring-boot-starter-test-3.2.2.jar:/Users/joeabraham/.m2/repository/org/springframework/boot/spring-boot-test/3.2.2/spring-boot-test-3.2.2.jar:/Users/joeabraham/.m2/repository/org/springframework/boot/spring-boot-test-autoconfigure/3.2.2/spring-boot-test-autoconfigure-3.2.2.jar:/Users/joeabraham/.m2/repository/com/jayway/jsonpath/json-path/2.8.0/json-path-2.8.0.jar:/Users/joeabraham/.m2/repository/net/minidev/json-smart/2.5.0/json-smart-2.5.0.jar:/Users/joeabraham/.m2/repository/net/minidev/accessors-smart/2.5.0/accessors-smart-2.5.0.jar:/Users/joeabraham/.m2/repository/org/ow2/asm/asm/9.3/asm-9.3.jar:/Users/joeabraham/.m2/repository/org/assertj/assertj-core/3.24.2/assertj-core-3.24.2.jar:/Users/joeabraham/.m2/repository/net/bytebuddy/byte-buddy/1.14.11/byte-buddy-1.14.11.jar:/Users/joeabraham/.m2/repository/org/awaitility/awaitility/4.2.0/awaitility-4.2.0.jar:/Users/joeabraham/.m2/repository/org/hamcrest/hamcrest/2.2/hamcrest-2.2.jar:/Users/joeabraham/.m2/repository/org/junit/jupiter/junit-jupiter/5.10.1/junit-jupiter-5.10.1.jar:/Users/joeabraham/.m2/repository/org/junit/jupiter/junit-jupiter-api/5.10.1/junit-jupiter-api-5.10.1.jar:/Users/joeabraham/.m2/repository/org/opentest4j/opentest4j/1.3.0/opentest4j-1.3.0.jar:/Users/joeabraham/.m2/repository/org/junit/platform/junit-platform-commons/1.10.1/junit-platform-commons-1.10.1.jar:/Users/joeabraham/.m2/repository/org/apiguardian/apiguardian-api/1.1.2/apiguardian-api-1.1.2.jar:/Users/joeabraham/.m2/repository/org/junit/jupiter/junit-jupiter-params/5.10.1/junit-jupiter-params-5.10.1.jar:/Users/joeabraham/.m2/repository/org/junit/jupiter/junit-jupiter-engine/5.10.1/junit-jupiter-engine-5.10.1.jar:/Users/joeabraham/.m2/repository/org/junit/platform/junit-platform-engine/1.10.1/junit-platform-engine-1.10.1.jar:/Users/joeabraham/.m2/repository/org/mockito/mockito-core/5.7.0/mockito-core-5.7.0.jar:/Users/joeabraham/.m2/repository/net/bytebuddy/byte-buddy-agent/1.14.11/byte-buddy-agent-1.14.11.jar:/Users/joeabraham/.m2/repository/org/objenesis/objenesis/3.3/objenesis-3.3.jar:/Users/joeabraham/.m2/repository/org/mockito/mockito-junit-jupiter/5.7.0/mockito-junit-jupiter-5.7.0.jar:/Users/joeabraham/.m2/repository/org/skyscreamer/jsonassert/1.5.1/jsonassert-1.5.1.jar:/Users/joeabraham/.m2/repository/com/vaadin/external/google/android-json/0.0.20131108.vaadin1/android-json-0.0.20131108.vaadin1.jar:/Users/joeabraham/.m2/repository/org/springframework/spring-core/6.1.3/spring-core-6.1.3.jar:/Users/joeabraham/.m2/repository/org/springframework/spring-jcl/6.1.3/spring-jcl-6.1.3.jar:/Users/joeabraham/.m2/repository/org/springframework/spring-test/6.1.3/spring-test-6.1.3.jar:/Users/joeabraham/.m2/repository/org/xmlunit/xmlunit-core/2.9.1/xmlunit-core-2.9.1.jar:/Users/joeabraham/.m2/repository/org/springframework/boot/spring-boot-starter-data-jdbc/3.2.2/spring-boot-starter-data-jdbc-3.2.2.jar:/Users/joeabraham/.m2/repository/org/springframework/boot/spring-boot-starter-jdbc/3.2.2/spring-boot-starter-jdbc-3.2.2.jar:/Users/joeabraham/.m2/repository/com/zaxxer/HikariCP/5.0.1/HikariCP-5.0.1.jar:/Users/joeabraham/.m2/repository/org/springframework/spring-jdbc/6.1.3/spring-jdbc-6.1.3.jar:/Users/joeabraham/.m2/repository/org/springframework/data/spring-data-jdbc/3.2.2/spring-data-jdbc-3.2.2.jar:/Users/joeabraham/.m2/repository/org/springframework/data/spring-data-relational/3.2.2/spring-data-relational-3.2.2.jar:/Users/joeabraham/.m2/repository/com/github/jsqlparser/jsqlparser/4.6/jsqlparser-4.6.jar:/Users/joeabraham/.m2/repository/org/springframework/data/spring-data-commons/3.2.2/spring-data-commons-3.2.2.jar:/Users/joeabraham/.m2/repository/org/springframework/spring-tx/6.1.3/spring-tx-6.1.3.jar:/Users/joeabraham/.m2/repository/com/mysql/mysql-connector-j/8.3.0/mysql-connector-j-8.3.0.jar:/Users/joeabraham/.m2/repository/com/google/cloud/sql/mysql-socket-factory-connector-j-8/1.18.1/mysql-socket-factory-connector-j-8-1.18.1.jar:/Users/joeabraham/.m2/repository/com/google/cloud/sql/jdbc-socket-factory-core/1.18.1/jdbc-socket-factory-core-1.18.1.jar:/Users/joeabraham/.m2/repository/com/github/jnr/jnr-enxio/0.32.17/jnr-enxio-0.32.17.jar:/Users/joeabraham/.m2/repository/com/github/jnr/jnr-constants/0.10.4/jnr-constants-0.10.4.jar:/Users/joeabraham/.m2/repository/com/github/jnr/jnr-ffi/2.2.16/jnr-ffi-2.2.16.jar:/Users/joeabraham/.m2/repository/com/github/jnr/jffi/1.3.13/jffi-1.3.13.jar:/Users/joeabraham/.m2/repository/com/github/jnr/jffi/1.3.13/jffi-1.3.13-native.jar:/Users/joeabraham/.m2/repository/org/ow2/asm/asm-commons/9.2/asm-commons-9.2.jar:/Users/joeabraham/.m2/repository/org/ow2/asm/asm-analysis/9.2/asm-analysis-9.2.jar:/Users/joeabraham/.m2/repository/org/ow2/asm/asm-tree/9.2/asm-tree-9.2.jar:/Users/joeabraham/.m2/repository/org/ow2/asm/asm-util/9.2/asm-util-9.2.jar:/Users/joeabraham/.m2/repository/com/github/jnr/jnr-a64asm/1.0.0/jnr-a64asm-1.0.0.jar:/Users/joeabraham/.m2/repository/com/github/jnr/jnr-x86asm/1.0.2/jnr-x86asm-1.0.2.jar:/Users/joeabraham/.m2/repository/com/github/jnr/jnr-unixsocket/0.38.22/jnr-unixsocket-0.38.22.jar:/Users/joeabraham/.m2/repository/com/github/jnr/jnr-posix/3.1.19/jnr-posix-3.1.19.jar:/Users/joeabraham/.m2/repository/com/google/http-client/google-http-client/1.44.1/google-http-client-1.44.1.jar:/Users/joeabraham/.m2/repository/io/grpc/grpc-context/1.60.1/grpc-context-1.60.1.jar:/Users/joeabraham/.m2/repository/io/grpc/grpc-api/1.60.1/grpc-api-1.60.1.jar:/Users/joeabraham/.m2/repository/io/opencensus/opencensus-api/0.31.1/opencensus-api-0.31.1.jar:/Users/joeabraham/.m2/repository/io/opencensus/opencensus-contrib-http-util/0.31.1/opencensus-contrib-http-util-0.31.1.jar:/Users/joeabraham/.m2/repository/com/google/errorprone/error_prone_annotations/2.27.1/error_prone_annotations-2.27.1.jar:/Users/joeabraham/.m2/repository/com/google/http-client/google-http-client-gson/1.44.1/google-http-client-gson-1.44.1.jar:/Users/joeabraham/.m2/repository/com/google/code/gson/gson/2.10.1/gson-2.10.1.jar:/Users/joeabraham/.m2/repository/com/google/apis/google-api-services-sqladmin/v1beta4-rev20240324-2.0.0/google-api-services-sqladmin-v1beta4-rev20240324-2.0.0.jar:/Users/joeabraham/.m2/repository/com/google/auth/google-auth-library-credentials/1.23.0/google-auth-library-credentials-1.23.0.jar:/Users/joeabraham/.m2/repository/com/google/auth/google-auth-library-oauth2-http/1.23.0/google-auth-library-oauth2-http-1.23.0.jar:/Users/joeabraham/.m2/repository/com/google/auto/value/auto-value-annotations/1.10.4/auto-value-annotations-1.10.4.jar:/Users/joeabraham/.m2/repository/com/google/api/gax/2.48.0/gax-2.48.0.jar:/Users/joeabraham/.m2/repository/com/google/api-client/google-api-client/1.31.1/google-api-client-1.31.1.jar:/Users/joeabraham/.m2/repository/com/google/oauth-client/google-oauth-client/1.31.2/google-oauth-client-1.31.2.jar:/Users/joeabraham/.m2/repository/com/google/code/findbugs/jsr305/3.0.2/jsr305-3.0.2.jar:/Users/joeabraham/.m2/repository/com/google/http-client/google-http-client-jackson2/1.38.0/google-http-client-jackson2-1.38.0.jar:/Users/joeabraham/.m2/repository/com/google/guava/guava/29.0-android/guava-29.0-android.jar:/Users/joeabraham/.m2/repository/com/google/guava/failureaccess/1.0.1/failureaccess-1.0.1.jar:/Users/joeabraham/.m2/repository/com/google/guava/listenablefuture/9999.0-empty-to-avoid-conflict-with-guava/listenablefuture-9999.0-empty-to-avoid-conflict-with-guava.jar:/Users/joeabraham/.m2/repository/org/checkerframework/checker-compat-qual/2.5.5/checker-compat-qual-2.5.5.jar:/Users/joeabraham/.m2/repository/com/google/j2objc/j2objc-annotations/1.3/j2objc-annotations-1.3.jar:/Users/joeabraham/.m2/repository/com/google/http-client/google-http-client-apache-v2/1.38.0/google-http-client-apache-v2-1.38.0.jar:/Users/joeabraham/.m2/repository/org/apache/httpcomponents/httpclient/4.5.13/httpclient-4.5.13.jar:/Users/joeabraham/.m2/repository/commons-logging/commons-logging/1.2/commons-logging-1.2.jar:/Users/joeabraham/.m2/repository/commons-codec/commons-codec/1.16.0/commons-codec-1.16.0.jar:/Users/joeabraham/.m2/repository/org/apache/httpcomponents/httpcore/4.4.16/httpcore-4.4.16.jar:/Users/joeabraham/.m2/repository/com/google/api-client/google-api-client-appengine/1.21.0/google-api-client-appengine-1.21.0.jar:/Users/joeabraham/.m2/repository/com/google/oauth-client/google-oauth-client-appengine/1.21.0/google-oauth-client-appengine-1.21.0.jar:/Users/joeabraham/.m2/repository/com/google/oauth-client/google-oauth-client-servlet/1.21.0/google-oauth-client-servlet-1.21.0.jar:/Users/joeabraham/.m2/repository/com/google/http-client/google-http-client-jdo/1.21.0/google-http-client-jdo-1.21.0.jar:/Users/joeabraham/.m2/repository/javax/servlet/servlet-api/2.5/servlet-api-2.5.jar:/Users/joeabraham/.m2/repository/com/google/api-client/google-api-client-servlet/1.21.0/google-api-client-servlet-1.21.0.jar:/Users/joeabraham/.m2/repository/javax/jdo/jdo2-api/2.3-eb/jdo2-api-2.3-eb.jar:/Users/joeabraham/.m2/repository/javax/transaction/transaction-api/1.1/transaction-api-1.1.jar:/Users/joeabraham/.m2/repository/com/google/http-client/google-http-client-appengine/1.21.0/google-http-client-appengine-1.21.0.jar:"/>
    <property name="sun.cpu.endian" value="little"/>
    <property name="user.home" value="/Users/joeabraham"/>
    <property name="user.language" value="en"/>
    <property name="java.specification.vendor" value="Oracle Corporation"/>
    <property name="java.version.date" value="2024-07-16"/>
    <property name="java.home" value="/opt/homebrew/Cellar/openjdk/22.0.2/libexec/openjdk.jdk/Contents/Home"/>
    <property name="file.separator" value="/"/>
    <property name="basedir" value="/Users/joeabraham/InteleJ-Workspace-CST-339/topic4-1-git"/>
    <property name="java.vm.compressedOopsMode" value="Zero based"/>
    <property name="line.separator" value="&#10;"/>
    <property name="java.vm.specification.vendor" value="Oracle Corporation"/>
    <property name="java.specification.name" value="Java Platform API Specification"/>
    <property name="FILE_LOG_CHARSET" value="UTF-8"/>
    <property name="java.awt.headless" value="true"/>
    <property name="apple.awt.application.name" value="ForkedBooter"/>
    <property name="surefire.real.class.path" value="/Users/joeabraham/InteleJ-Workspace-CST-339/topic4-1-git/target/surefire/surefirebooter-20241106192304889_3.jar"/>
    <property name="sun.management.compiler" value="HotSpot 64-Bit Tiered Compilers"/>
    <property name="ftp.nonProxyHosts" value="local|*.local|169.254/16|*.169.254/16"/>
    <property name="java.runtime.version" value="22.0.2"/>
    <property name="user.name" value="joeabraham"/>
    <property name="stdout.encoding" value="UTF-8"/>
    <property name="path.separator" value=":"/>
    <property name="os.version" value="14.5"/>
    <property name="java.runtime.name" value="OpenJDK Runtime Environment"/>
    <property name="file.encoding" value="UTF-8"/>
    <property name="java.vm.name" value="OpenJDK 64-Bit Server VM"/>
    <property name="java.vendor.version" value="Homebrew"/>
    <property name="localRepository" value="/Users/joeabraham/.m2/repository"/>
    <property name="java.vendor.url.bug" value="https://github.com/Homebrew/homebrew-core/issues"/>
    <property name="java.io.tmpdir" value="/var/folders/1m/kj6g7f6n2hq_gyqb_n8wt1lw0000gp/T/"/>
    <property name="com.zaxxer.hikari.pool_number" value="1"/>
    <property name="java.version" value="22.0.2"/>
    <property name="user.dir" value="/Users/joeabraham/InteleJ-Workspace-CST-339/topic4-1-git"/>
    <property name="os.arch" value="aarch64"/>
    <property name="java.vm.specification.name" value="Java Virtual Machine Specification"/>
    <property name="PID" value="58211"/>
    <property name="CONSOLE_LOG_CHARSET" value="UTF-8"/>
    <property name="native.encoding" value="UTF-8"/>
    <property name="java.library.path" value="/Users/joeabraham/Library/Java/Extensions:/Library/Java/Extensions:/Network/Library/Java/Extensions:/System/Library/Java/Extensions:/usr/lib/java:."/>
    <property name="java.vm.info" value="mixed mode, sharing"/>
    <property name="stderr.encoding" value="UTF-8"/>
    <property name="java.vendor" value="Homebrew"/>
    <property name="java.vm.version" value="22.0.2"/>
    <property name="sun.io.unicode.encoding" value="UnicodeBig"/>
    <property name="socksNonProxyHosts" value="local|*.local|169.254/16|*.169.254/16"/>
    <property name="java.class.version" value="66.0"/>
  </properties>
  <testcase name="contextLoads" classname="com.gcu.Topic32ApplicationTests" time="0.45">
    <system-out><![CDATA[19:23:05.317 [main] INFO org.springframework.test.context.support.AnnotationConfigContextLoaderUtils -- Could not detect default configuration classes for test class [com.gcu.Topic32ApplicationTests]: Topic32ApplicationTests does not declare any static, non-private, non-final, nested classes annotated with @Configuration.
19:23:05.368 [main] INFO org.springframework.boot.test.context.SpringBootTestContextBootstrapper -- Found @SpringBootConfiguration com.gcu.Topic41Application for test class com.gcu.Topic32ApplicationTests
19:23:05.449 [main] INFO org.springframework.boot.devtools.restart.RestartApplicationListener -- Restart disabled due to context in which it is running
19:23:05,243 |-INFO in ch.qos.logback.classic.LoggerContext[default] - This is logback-classic version 1.4.14
19:23:05,244 |-INFO in ch.qos.logback.classic.util.ContextInitializer@54534abf - Here is a list of configurators discovered as a service, by rank: 
19:23:05,244 |-INFO in ch.qos.logback.classic.util.ContextInitializer@54534abf -   org.springframework.boot.logging.logback.RootLogLevelConfigurator
19:23:05,244 |-INFO in ch.qos.logback.classic.util.ContextInitializer@54534abf - They will be invoked in order until ExecutionStatus.DO_NOT_INVOKE_NEXT_IF_ANY is returned.
19:23:05,244 |-INFO in ch.qos.logback.classic.util.ContextInitializer@54534abf - Constructed configurator of type class org.springframework.boot.logging.logback.RootLogLevelConfigurator
19:23:05,249 |-INFO in ch.qos.logback.classic.util.ContextInitializer@54534abf - org.springframework.boot.logging.logback.RootLogLevelConfigurator.configure() call lasted 1 milliseconds. ExecutionStatus=INVOKE_NEXT_IF_ANY
19:23:05,249 |-INFO in ch.qos.logback.classic.util.ContextInitializer@54534abf - Trying to configure with ch.qos.logback.classic.joran.SerializedModelConfigurator
19:23:05,249 |-INFO in ch.qos.logback.classic.util.ContextInitializer@54534abf - Constructed configurator of type class ch.qos.logback.classic.joran.SerializedModelConfigurator
19:23:05,251 |-INFO in ch.qos.logback.classic.LoggerContext[default] - Could NOT find resource [logback-test.scmo]
19:23:05,251 |-INFO in ch.qos.logback.classic.LoggerContext[default] - Could NOT find resource [logback.scmo]
19:23:05,251 |-INFO in ch.qos.logback.classic.util.ContextInitializer@54534abf - ch.qos.logback.classic.joran.SerializedModelConfigurator.configure() call lasted 2 milliseconds. ExecutionStatus=INVOKE_NEXT_IF_ANY
19:23:05,251 |-INFO in ch.qos.logback.classic.util.ContextInitializer@54534abf - Trying to configure with ch.qos.logback.classic.util.DefaultJoranConfigurator
19:23:05,251 |-INFO in ch.qos.logback.classic.util.ContextInitializer@54534abf - Constructed configurator of type class ch.qos.logback.classic.util.DefaultJoranConfigurator
19:23:05,251 |-INFO in ch.qos.logback.classic.LoggerContext[default] - Could NOT find resource [logback-test.xml]
19:23:05,251 |-INFO in ch.qos.logback.classic.LoggerContext[default] - Could NOT find resource [logback.xml]
19:23:05,251 |-INFO in ch.qos.logback.classic.util.ContextInitializer@54534abf - ch.qos.logback.classic.util.DefaultJoranConfigurator.configure() call lasted 0 milliseconds. ExecutionStatus=INVOKE_NEXT_IF_ANY
19:23:05,251 |-INFO in ch.qos.logback.classic.util.ContextInitializer@54534abf - Trying to configure with ch.qos.logback.classic.BasicConfigurator
19:23:05,252 |-INFO in ch.qos.logback.classic.util.ContextInitializer@54534abf - Constructed configurator of type class ch.qos.logback.classic.BasicConfigurator
19:23:05,252 |-INFO in ch.qos.logback.classic.BasicConfigurator@51745f40 - Setting up default configuration.
19:23:05,263 |-INFO in ch.qos.logback.classic.util.ContextInitializer@54534abf - ch.qos.logback.classic.BasicConfigurator.configure() call lasted 11 milliseconds. ExecutionStatus=NEUTRAL
19:23:05,586 |-INFO in ch.qos.logback.core.model.processor.AppenderModelHandler - Processing appender named [Console]
19:23:05,586 |-INFO in ch.qos.logback.core.model.processor.AppenderModelHandler - About to instantiate appender of type [ch.qos.logback.core.ConsoleAppender]
19:23:05,595 |-INFO in ch.qos.logback.core.model.processor.AppenderModelHandler - Processing appender named [GcuConsole]
19:23:05,595 |-INFO in ch.qos.logback.core.model.processor.AppenderModelHandler - About to instantiate appender of type [ch.qos.logback.core.ConsoleAppender]
19:23:05,596 |-INFO in ch.qos.logback.core.model.processor.AppenderModelHandler - Processing appender named [RollingFile]
19:23:05,596 |-INFO in ch.qos.logback.core.model.processor.AppenderModelHandler - About to instantiate appender of type [ch.qos.logback.core.rolling.RollingFileAppender]
19:23:05,601 |-INFO in c.q.l.core.rolling.TimeBasedRollingPolicy@1164394344 - No compression will be used
19:23:05,601 |-INFO in c.q.l.core.rolling.TimeBasedRollingPolicy@1164394344 - Will use the pattern logs/archived/spring-boot-logger-%d{yyyy-MM-dd}.%i.log for the active file
19:23:05,613 |-INFO in ch.qos.logback.core.rolling.SizeAndTimeBasedFNATP@27abb83e - The date pattern is 'yyyy-MM-dd' from file name pattern 'logs/archived/spring-boot-logger-%d{yyyy-MM-dd}.%i.log'.
19:23:05,613 |-INFO in ch.qos.logback.core.rolling.SizeAndTimeBasedFNATP@27abb83e - Roll-over at midnight.
19:23:05,618 |-INFO in ch.qos.logback.core.rolling.SizeAndTimeBasedFNATP@27abb83e - Setting initial period to 2024-11-07T02:10:04.843Z
19:23:05,618 |-WARN in ch.qos.logback.core.rolling.SizeAndTimeBasedFNATP@27abb83e - SizeAndTimeBasedFNATP is deprecated. Use SizeAndTimeBasedRollingPolicy instead
19:23:05,618 |-WARN in ch.qos.logback.core.rolling.SizeAndTimeBasedFNATP@27abb83e - For more information see http://logback.qos.ch/manual/appenders.html#SizeAndTimeBasedRollingPolicy
19:23:05,621 |-INFO in ch.qos.logback.core.rolling.RollingFileAppender[RollingFile] - Active log file name: logs/spring-boot-logger.log
19:23:05,621 |-INFO in ch.qos.logback.core.rolling.RollingFileAppender[RollingFile] - File property is set to [logs/spring-boot-logger.log]
19:23:05,621 |-INFO in ch.qos.logback.classic.model.processor.RootLoggerModelHandler - Setting level of ROOT logger to INFO
19:23:05,621 |-INFO in ch.qos.logback.classic.jul.LevelChangePropagator@69e308c6 - Propagating INFO level on Logger[ROOT] onto the JUL framework
19:23:05,622 |-INFO in ch.qos.logback.core.model.processor.AppenderRefModelHandler - Attaching appender named [RollingFile] to Logger[ROOT]
19:23:05,622 |-INFO in ch.qos.logback.core.model.processor.AppenderRefModelHandler - Attaching appender named [Console] to Logger[ROOT]
19:23:05,622 |-INFO in ch.qos.logback.classic.model.processor.LoggerModelHandler - Setting level of logger [com.gcu] to TRACE
19:23:05,622 |-INFO in ch.qos.logback.classic.jul.LevelChangePropagator@69e308c6 - Propagating TRACE level on Logger[com.gcu] onto the JUL framework
19:23:05,623 |-INFO in ch.qos.logback.classic.model.processor.LoggerModelHandler - Setting additivity of logger [com.gcu] to false
19:23:05,623 |-INFO in ch.qos.logback.core.model.processor.AppenderRefModelHandler - Attaching appender named [RollingFile] to Logger[com.gcu]
19:23:05,623 |-INFO in ch.qos.logback.core.model.processor.AppenderRefModelHandler - Attaching appender named [GcuConsole] to Logger[com.gcu]
19:23:05,623 |-INFO in ch.qos.logback.classic.model.processor.LoggerModelHandler - Setting level of logger [com.gcu.util.Tracer] to TRACE
19:23:05,623 |-INFO in ch.qos.logback.classic.jul.LevelChangePropagator@69e308c6 - Propagating TRACE level on Logger[com.gcu.util.Tracer] onto the JUL framework
19:23:05,623 |-INFO in ch.qos.logback.classic.model.processor.LoggerModelHandler - Setting additivity of logger [com.gcu.util.Tracer] to false
19:23:05,623 |-INFO in ch.qos.logback.core.model.processor.AppenderRefModelHandler - Attaching appender named [RollingFile] to Logger[com.gcu.util.Tracer]
19:23:05,623 |-INFO in ch.qos.logback.core.model.processor.AppenderRefModelHandler - Attaching appender named [GcuConsole] to Logger[com.gcu.util.Tracer]
19:23:05,623 |-INFO in ch.qos.logback.core.model.processor.DefaultProcessor@1a1ed4e5 - End of configuration.
19:23:05,623 |-INFO in org.springframework.boot.logging.logback.SpringBootJoranConfigurator@667e34b1 - Registering current configuration as safe fallback point


  .   ____          _            __ _ _
 /\\ / ___'_ __ _ _(_)_ __  __ _ \ \ \ \
( ( )\___ | '_ | '_| | '_ \/ _` | \ \ \ \
 \\/  ___)| |_)| | | | | || (_| |  ) ) ) )
  '  |____| .__|_| |_|_| |_\__, | / / / /
 =========|_|==============|___/=/_/_/_/
19:23:05.649 [background-preinit] INFO  o.h.validator.internal.util.Version - HV000001: Hibernate Validator 8.0.1.Final
&amp#27;[32m :: Spring Boot :: &amp#27;[39m              &amp#27;[2m (v3.2.2)&amp#27;[0;39m

19:23:06.106 [main] INFO  o.s.d.r.c.RepositoryConfigurationDelegate - Bootstrapping Spring Data JDBC repositories in DEFAULT mode.
19:23:06.118 [main] INFO  o.s.d.r.c.RepositoryConfigurationDelegate - Finished Spring Data repository scanning in 9 ms. Found 0 JDBC repository interfaces.
19:23:06.261 [main] WARN  o.s.c.s.PostProcessorRegistrationDelegate$BeanPostProcessorChecker - Bean 'appConfiguration' of type [com.gcu.util.AppConfiguration$$SpringCGLIB$$0] is not eligible for getting processed by all BeanPostProcessors (for example: not eligible for auto-proxying). Is this bean getting eagerly injected into a currently created BeanPostProcessor [projectingArgumentResolverBeanPostProcessor]? Check the corresponding BeanPostProcessor declaration and its dependencies.
19:23:06.265 [main] WARN  o.s.c.s.PostProcessorRegistrationDelegate$BeanPostProcessorChecker - Bean 'tracer' of type [com.gcu.util.Tracer] is not eligible for getting processed by all BeanPostProcessors (for example: not eligible for auto-proxying). Is this bean getting eagerly injected into a currently created BeanPostProcessor [projectingArgumentResolverBeanPostProcessor]? Check the corresponding BeanPostProcessor declaration and its dependencies.
19:23:06.265 [main] WARN  o.s.c.s.PostProcessorRegistrationDelegate$BeanPostProcessorChecker - Bean 'performanceMonitorAdvisor' of type [org.springframework.aop.support.DefaultPointcutAdvisor] is not eligible for getting processed by all BeanPostProcessors (for example: not eligible for auto-proxying). Is this bean getting eagerly injected into a currently created BeanPostProcessor [projectingArgumentResolverBeanPostProcessor]? Check the corresponding BeanPostProcessor declaration and its dependencies.
19:23:06.880 [main] INFO  com.zaxxer.hikari.HikariDataSource - HikariPool-1 - Starting...
19:23:07.116 [main] INFO  com.zaxxer.hikari.pool.HikariPool - HikariPool-1 - Added connection com.mysql.cj.jdbc.ConnectionImpl@290807e5
19:23:07.118 [main] INFO  com.zaxxer.hikari.HikariDataSource - HikariPool-1 - Start completed.
]]></system-out>
    <system-err><![CDATA[WARNING: A Java agent has been loaded dynamically (/Users/joeabraham/.m2/repository/net/bytebuddy/byte-buddy-agent/1.14.11/byte-buddy-agent-1.14.11.jar)
WARNING: If a serviceability tool is in use, please run with -XX:+EnableDynamicAgentLoading to hide this warning
WARNING: If a serviceability tool is not in use, please run with -Djdk.instrument.traceUsage for more information
WARNING: Dynamic loading of agents will be disallowed by default in a future release
]]></system-err>
  </testcase>
</testsuite>